Wed, 23 Sep 2020 14:17:41 GMT - Info - Server is running on port: 3030
Wed, 23 Sep 2020 14:17:41 GMT - Error - {}
Wed, 23 Sep 2020 14:17:41 GMT - Error - {}
Wed, 23 Sep 2020 14:18:09 GMT - Info - Server is running on port: 3030
Wed, 23 Sep 2020 14:18:19 GMT - Error - {}
Wed, 23 Sep 2020 14:18:19 GMT - Error - {}
Wed, 23 Sep 2020 14:20:19 GMT - Error - {}
Wed, 23 Sep 2020 14:20:19 GMT - Error - {}
Wed, 23 Sep 2020 14:39:55 GMT - Error - {}
Wed, 23 Sep 2020 14:39:55 GMT - Error - {}
Wed, 23 Sep 2020 14:41:29 GMT - Info - Server is running on port: 3030
Wed, 23 Sep 2020 14:41:29 GMT - Error - {}
Wed, 23 Sep 2020 14:41:29 GMT - Error - {}
Wed, 23 Sep 2020 14:41:32 GMT - Info - Server is running on port: 3030
Wed, 23 Sep 2020 14:41:37 GMT - Info - Server is running on port: 3030
Wed, 23 Sep 2020 14:41:39 GMT - Info - Server is running on port: 3030
Wed, 23 Sep 2020 14:41:45 GMT - Error - {}
Wed, 23 Sep 2020 14:41:46 GMT - Error - {}
Wed, 23 Sep 2020 14:42:11 GMT - Info - Server is running on port: 3030
Wed, 23 Sep 2020 14:42:11 GMT - Error - {}
Wed, 23 Sep 2020 14:42:11 GMT - Error - {}
Wed, 23 Sep 2020 14:42:48 GMT - Info - Server is running on port: 3030
Wed, 23 Sep 2020 14:43:13 GMT - Info - Server is running on port: 3030
Wed, 23 Sep 2020 14:43:24 GMT - Error - {}
Wed, 23 Sep 2020 14:43:24 GMT - Error - {}
Wed, 23 Sep 2020 14:43:41 GMT - Info - Server is running on port: 3030
Wed, 23 Sep 2020 14:43:41 GMT - Error - {}
Wed, 23 Sep 2020 14:43:41 GMT - Error - {}
Wed, 23 Sep 2020 14:43:43 GMT - Info - Server is running on port: 3030
Wed, 23 Sep 2020 14:43:52 GMT - Info - Server is running on port: 3030
Wed, 23 Sep 2020 14:43:53 GMT - Info - Server is running on port: 3030
Wed, 23 Sep 2020 14:43:55 GMT - Info - Server is running on port: 3030
Wed, 23 Sep 2020 14:43:58 GMT - Error - {}
Wed, 23 Sep 2020 14:43:58 GMT - Error - {}
Wed, 23 Sep 2020 14:44:12 GMT - Info - Server is running on port: 3030
Wed, 23 Sep 2020 14:44:12 GMT - Error - {}
Wed, 23 Sep 2020 14:44:12 GMT - Error - {}
Wed, 23 Sep 2020 14:44:19 GMT - Info - Server is running on port: 3030
Wed, 23 Sep 2020 14:44:21 GMT - Info - Server is running on port: 3030
Wed, 23 Sep 2020 14:44:28 GMT - Info - Server is running on port: 3030
Wed, 23 Sep 2020 14:44:34 GMT - Error - {}
Wed, 23 Sep 2020 14:44:34 GMT - Error - {}
Wed, 23 Sep 2020 14:46:19 GMT - Info - Server is running on port: 3030
Wed, 23 Sep 2020 14:46:19 GMT - Error - {}
Wed, 23 Sep 2020 14:46:19 GMT - Error - {}
Wed, 23 Sep 2020 14:46:37 GMT - Info - Server is running on port: 3030
Wed, 23 Sep 2020 14:46:43 GMT - Error - {}
Wed, 23 Sep 2020 14:46:43 GMT - Error - {}
Wed, 23 Sep 2020 14:48:43 GMT - Error - {}
Wed, 23 Sep 2020 14:48:43 GMT - Error - {}
Wed, 23 Sep 2020 14:49:07 GMT - Info - Server is running on port: 3030
Wed, 23 Sep 2020 14:49:21 GMT - Info - Server is running on port: 3030
Wed, 23 Sep 2020 14:49:29 GMT - Info - Server is running on port: 3030
Wed, 23 Sep 2020 14:49:38 GMT - Error - {}
Wed, 23 Sep 2020 14:49:38 GMT - Error - {}
Wed, 23 Sep 2020 14:49:43 GMT - Info - Server is running on port: 3030
Wed, 23 Sep 2020 14:49:43 GMT - Error - {}
Wed, 23 Sep 2020 14:49:43 GMT - Error - {}
Wed, 23 Sep 2020 14:49:46 GMT - Info - Server is running on port: 3030
Wed, 23 Sep 2020 14:49:55 GMT - Info - Server is running on port: 3030
Wed, 23 Sep 2020 14:49:58 GMT - Error - {}
Wed, 23 Sep 2020 14:49:58 GMT - Error - {}
Wed, 23 Sep 2020 14:51:10 GMT - Error - {}
Wed, 23 Sep 2020 14:51:10 GMT - Error - {}
Wed, 23 Sep 2020 14:51:28 GMT - Info - Server is running on port: 3030
Wed, 23 Sep 2020 14:51:28 GMT - Error - {}
Wed, 23 Sep 2020 14:51:28 GMT - Error - {}
Wed, 23 Sep 2020 14:52:11 GMT - Info - Server is running on port: 3030
Wed, 23 Sep 2020 14:52:18 GMT - Info - Server is running on port: 3030
Wed, 23 Sep 2020 14:52:20 GMT - Info - Server is running on port: 3030
Wed, 23 Sep 2020 14:52:25 GMT - Error - {}
Wed, 23 Sep 2020 14:52:25 GMT - Error - {}
Wed, 23 Sep 2020 14:53:38 GMT - Info - Server is running on port: 3030
Wed, 23 Sep 2020 14:54:16 GMT - Debug - yoni, 1234
Wed, 23 Sep 2020 14:54:16 GMT - Debug - auth.service - signup with userName: yoni
Wed, 23 Sep 2020 14:54:16 GMT - Debug - auth.route - new account created: {"userName":"yoni","forms":[],"_id":"5f6b6198d57e46d3f9c4936f"}
Wed, 23 Sep 2020 14:54:16 GMT - Debug - auth.service - login with username: yoni
Wed, 23 Sep 2020 14:54:24 GMT - Error - {}
Wed, 23 Sep 2020 14:54:24 GMT - Error - {}
Wed, 23 Sep 2020 14:54:47 GMT - Info - Server is running on port: 3030
Wed, 23 Sep 2020 14:56:02 GMT - Info - Server is running on port: 3030
Wed, 23 Sep 2020 14:56:20 GMT - Info - Server is running on port: 3030
Wed, 23 Sep 2020 14:56:31 GMT - Debug - yoni, 1234
Wed, 23 Sep 2020 14:56:31 GMT - Debug - auth.service - signup with userName: yoni
Wed, 23 Sep 2020 14:56:31 GMT - Debug - auth.route - new account created: {"userName":"yoni","forms":[],"_id":"5f6b621f32c08067b9b65e4e"}
Wed, 23 Sep 2020 14:56:31 GMT - Debug - auth.service - login with username: yoni
Wed, 23 Sep 2020 14:56:42 GMT - Error - {}
Wed, 23 Sep 2020 14:58:42 GMT - Error - {}
Wed, 23 Sep 2020 15:17:41 GMT - Info - Server is running on port: 3030
Wed, 23 Sep 2020 15:17:44 GMT - Info - Server is running on port: 3030
Wed, 23 Sep 2020 15:17:47 GMT - Info - Server is running on port: 3030
Wed, 23 Sep 2020 15:17:54 GMT - Info - Server is running on port: 3030
Wed, 23 Sep 2020 15:17:58 GMT - Error - {}
Wed, 23 Sep 2020 15:17:58 GMT - Error - {}
Wed, 23 Sep 2020 15:18:56 GMT - Info - Server is running on port: 3030
Wed, 23 Sep 2020 15:18:56 GMT - Error - {}
Wed, 23 Sep 2020 15:18:56 GMT - Error - {}
Wed, 23 Sep 2020 15:21:02 GMT - Error - {}
Wed, 23 Sep 2020 15:21:02 GMT - Error - {}
Wed, 23 Sep 2020 15:21:14 GMT - Info - Server is running on port: 3030
Wed, 23 Sep 2020 15:21:16 GMT - Info - Server is running on port: 3030
Wed, 23 Sep 2020 15:21:18 GMT - Error - {}
Wed, 23 Sep 2020 15:21:18 GMT - Error - {}
Wed, 23 Sep 2020 16:37:41 GMT - Debug - auth.service - login with username: yoni
Wed, 23 Sep 2020 16:37:57 GMT - Debug - auth.service - login with username: yoni
Wed, 23 Sep 2020 16:38:02 GMT - Debug - auth.service - login with username: yoni
Wed, 23 Sep 2020 16:38:05 GMT - Debug - auth.service - login with username: yoni
Wed, 23 Sep 2020 16:38:45 GMT - Debug - yoni, 1234
Wed, 23 Sep 2020 16:38:45 GMT - Debug - auth.service - signup with userName: yoni
Wed, 23 Sep 2020 16:38:45 GMT - Debug - auth.route - new account created: {"userName":"yoni","forms":[],"_id":"5f6b7a157a7850cc1ddb9801"}
Wed, 23 Sep 2020 16:38:45 GMT - Debug - auth.service - login with username: yoni
Wed, 23 Sep 2020 16:40:08 GMT - Info - Server is running on port: 3030
Wed, 23 Sep 2020 16:40:18 GMT - Error - {}
Wed, 23 Sep 2020 16:40:18 GMT - Error - {}
Wed, 23 Sep 2020 16:40:56 GMT - Info - Server is running on port: 3030
Wed, 23 Sep 2020 16:41:11 GMT - Debug - yoni, 1234
Wed, 23 Sep 2020 16:41:11 GMT - Debug - auth.service - signup with userName: yoni
Wed, 23 Sep 2020 16:41:11 GMT - Debug - auth.route - new account created: {"userName":"yoni","forms":[],"_id":"5f6b7aa7b62140f41c8c58e4"}
Wed, 23 Sep 2020 16:41:11 GMT - Debug - auth.service - login with username: yoni
Wed, 23 Sep 2020 16:47:10 GMT - Info - Server is running on port: 3030
Wed, 23 Sep 2020 16:47:57 GMT - Info - Server is running on port: 3030
Wed, 23 Sep 2020 16:49:23 GMT - Info - Server is running on port: 3030
Wed, 23 Sep 2020 16:49:24 GMT - Info - Server is running on port: 3030
Wed, 23 Sep 2020 16:49:29 GMT - Error - {}
Wed, 23 Sep 2020 16:49:29 GMT - Error - {}
Wed, 23 Sep 2020 16:50:04 GMT - Info - Server is running on port: 3030
Wed, 23 Sep 2020 16:50:06 GMT - Info - Server is running on port: 3030
Wed, 23 Sep 2020 16:50:08 GMT - Info - Server is running on port: 3030
Wed, 23 Sep 2020 16:50:53 GMT - Debug - yoni, 1234
Wed, 23 Sep 2020 16:50:53 GMT - Debug - auth.service - signup with userName: yoni
Wed, 23 Sep 2020 16:50:53 GMT - Debug - auth.route - new account created: {"userName":"yoni","forms":[],"_id":"5f6b7ced91fafdb48dc4d5a0"}
Wed, 23 Sep 2020 16:50:53 GMT - Debug - auth.service - login with username: yoni
Wed, 23 Sep 2020 16:50:58 GMT - Error - {}
Wed, 23 Sep 2020 16:50:58 GMT - Error - {}
Wed, 23 Sep 2020 16:51:24 GMT - Info - Server is running on port: 3030
Wed, 23 Sep 2020 16:51:24 GMT - Error - {}
Wed, 23 Sep 2020 16:51:24 GMT - Error - {}
Wed, 23 Sep 2020 16:51:36 GMT - Info - Server is running on port: 3030
Wed, 23 Sep 2020 16:51:47 GMT - Info - Server is running on port: 3030
Wed, 23 Sep 2020 16:51:49 GMT - Info - Server is running on port: 3030
Wed, 23 Sep 2020 16:52:19 GMT - Info - Server is running on port: 3030
Wed, 23 Sep 2020 16:52:24 GMT - Info - Server is running on port: 3030
Wed, 23 Sep 2020 16:55:02 GMT - Info - Server is running on port: 3030
Wed, 23 Sep 2020 16:55:16 GMT - Info - Server is running on port: 3030
Wed, 23 Sep 2020 16:55:18 GMT - Info - Server is running on port: 3030
Wed, 23 Sep 2020 16:55:28 GMT - Error - {"driver":true,"name":"MongoError","index":0,"code":9}
Wed, 23 Sep 2020 16:55:28 GMT - Error - {"driver":true,"name":"MongoError","index":0,"code":9}
Wed, 23 Sep 2020 17:00:17 GMT - Info - Server is running on port: 3030
Wed, 23 Sep 2020 17:00:23 GMT - Error - {"driver":true,"name":"MongoError","index":0,"code":9}
Wed, 23 Sep 2020 17:00:23 GMT - Error - {"driver":true,"name":"MongoError","index":0,"code":9}
Wed, 23 Sep 2020 17:00:48 GMT - Info - Server is running on port: 3030
Wed, 23 Sep 2020 17:00:48 GMT - Error - {}
Wed, 23 Sep 2020 17:00:48 GMT - Error - {}
Wed, 23 Sep 2020 17:01:35 GMT - Info - Server is running on port: 3030
Wed, 23 Sep 2020 17:02:10 GMT - Info - Server is running on port: 3030
Wed, 23 Sep 2020 17:02:27 GMT - Info - Server is running on port: 3030
Wed, 23 Sep 2020 17:03:02 GMT - Debug - yoni, 1234
Wed, 23 Sep 2020 17:03:02 GMT - Debug - auth.service - signup with userName: yoni
Wed, 23 Sep 2020 17:03:02 GMT - Debug - auth.route - new account created: {"userName":"yoni","forms":[],"_id":"5f6b7fc6d9bb7f27ab1f3869"}
Wed, 23 Sep 2020 17:03:02 GMT - Debug - auth.service - login with username: yoni
Wed, 23 Sep 2020 17:08:32 GMT - Info - Server is running on port: 3030
Wed, 23 Sep 2020 17:09:02 GMT - Info - Server is running on port: 3030
Wed, 23 Sep 2020 17:09:11 GMT - Info - Server is running on port: 3030
Wed, 23 Sep 2020 17:09:21 GMT - Debug - yoni, 1234
Wed, 23 Sep 2020 17:09:21 GMT - Debug - auth.service - signup with userName: yoni
Wed, 23 Sep 2020 17:09:22 GMT - Debug - auth.route - new account created: {"userName":"yoni","forms":[],"_id":"5f6b81425eeef20961758f84"}
Wed, 23 Sep 2020 17:09:22 GMT - Debug - auth.service - login with username: yoni
Wed, 23 Sep 2020 17:09:54 GMT - Info - Server is running on port: 3030
Wed, 23 Sep 2020 17:10:05 GMT - Info - Server is running on port: 3030
Wed, 23 Sep 2020 17:10:19 GMT - Debug - yoni, 1234
Wed, 23 Sep 2020 17:10:19 GMT - Debug - auth.service - signup with userName: yoni
Wed, 23 Sep 2020 17:10:19 GMT - Debug - auth.route - new account created: {"userName":"yoni","forms":[],"_id":"5f6b817b3df648ca57f778b3"}
Wed, 23 Sep 2020 17:10:19 GMT - Debug - auth.service - login with username: yoni
Wed, 23 Sep 2020 17:10:23 GMT - Error - {"driver":true,"name":"MongoError","index":0,"code":9}
Wed, 23 Sep 2020 17:10:23 GMT - Error - {"driver":true,"name":"MongoError","index":0,"code":9}
Wed, 23 Sep 2020 17:11:32 GMT - Info - Server is running on port: 3030
Wed, 23 Sep 2020 17:11:33 GMT - Error - {"driver":true,"name":"MongoError","index":0,"code":9}
Wed, 23 Sep 2020 17:11:33 GMT - Error - {"driver":true,"name":"MongoError","index":0,"code":9}
Wed, 23 Sep 2020 17:11:36 GMT - Info - Server is running on port: 3030
Wed, 23 Sep 2020 17:11:38 GMT - Info - Server is running on port: 3030
Wed, 23 Sep 2020 17:11:42 GMT - Error - {"driver":true,"name":"MongoError","index":0,"code":9}
Wed, 23 Sep 2020 17:11:42 GMT - Error - {"driver":true,"name":"MongoError","index":0,"code":9}
Wed, 23 Sep 2020 17:11:56 GMT - Info - Server is running on port: 3030
Wed, 23 Sep 2020 17:11:56 GMT - Error - {"driver":true,"name":"MongoError","index":0,"code":9}
Wed, 23 Sep 2020 17:11:56 GMT - Error - {"driver":true,"name":"MongoError","index":0,"code":9}
Wed, 23 Sep 2020 17:12:05 GMT - Info - Server is running on port: 3030
Wed, 23 Sep 2020 17:12:09 GMT - Error - {"driver":true,"name":"MongoError","index":0,"code":9}
Wed, 23 Sep 2020 17:12:09 GMT - Error - {"driver":true,"name":"MongoError","index":0,"code":9}
Wed, 23 Sep 2020 17:12:40 GMT - Info - Server is running on port: 3030
Wed, 23 Sep 2020 17:12:41 GMT - Error - {"driver":true,"name":"MongoError","index":0,"code":9}
Wed, 23 Sep 2020 17:12:41 GMT - Error - {"driver":true,"name":"MongoError","index":0,"code":9}
Wed, 23 Sep 2020 17:13:21 GMT - Info - Server is running on port: 3030
Wed, 23 Sep 2020 17:13:23 GMT - Info - Server is running on port: 3030
Wed, 23 Sep 2020 17:13:26 GMT - Info - Server is running on port: 3030
Wed, 23 Sep 2020 17:13:28 GMT - Error - {"driver":true,"name":"MongoError","index":0,"code":9}
Wed, 23 Sep 2020 17:13:28 GMT - Error - {"driver":true,"name":"MongoError","index":0,"code":9}
Wed, 23 Sep 2020 17:13:55 GMT - Info - Server is running on port: 3030
Wed, 23 Sep 2020 17:13:55 GMT - Error - {"driver":true,"name":"MongoError","index":0,"code":9}
Wed, 23 Sep 2020 17:13:55 GMT - Error - {"driver":true,"name":"MongoError","index":0,"code":9}
Wed, 23 Sep 2020 17:28:13 GMT - Info - Server is running on port: 3030
Wed, 23 Sep 2020 17:28:16 GMT - Info - Server is running on port: 3030
Wed, 23 Sep 2020 17:28:21 GMT - Error - {}
Wed, 23 Sep 2020 17:28:21 GMT - Error - {}
Wed, 23 Sep 2020 17:29:49 GMT - Info - Server is running on port: 3030
Wed, 23 Sep 2020 17:29:50 GMT - Info - Server is running on port: 3030
Wed, 23 Sep 2020 17:29:54 GMT - Error - {}
Wed, 23 Sep 2020 17:29:54 GMT - Error - {}
Wed, 23 Sep 2020 17:31:54 GMT - Error - {}
Wed, 23 Sep 2020 17:31:54 GMT - Error - {}
Wed, 23 Sep 2020 17:34:37 GMT - Info - Server is running on port: 3030
Wed, 23 Sep 2020 17:34:39 GMT - Info - Server is running on port: 3030
Thu, 24 Sep 2020 05:35:32 GMT - Info - Server is running on port: 3030
Thu, 24 Sep 2020 05:35:47 GMT - Info - Server is running on port: 3030
Thu, 24 Sep 2020 05:36:11 GMT - Debug - yoni, 1234
Thu, 24 Sep 2020 05:36:11 GMT - Debug - auth.service - signup with userName: yoni
Thu, 24 Sep 2020 05:36:11 GMT - Debug - auth.route - new account created: {"userName":"yoni","forms":[],"_id":"5f6c304ba28a7540f1cce409"}
Thu, 24 Sep 2020 05:36:11 GMT - Debug - auth.service - login with username: yoni
Thu, 24 Sep 2020 05:44:38 GMT - Info - Server is running on port: 3030
Thu, 24 Sep 2020 05:46:23 GMT - Info - Server is running on port: 3030
Thu, 24 Sep 2020 05:46:30 GMT - Info - Server is running on port: 3030
Thu, 24 Sep 2020 05:46:36 GMT - Info - Server is running on port: 3030
Thu, 24 Sep 2020 05:51:00 GMT - Info - Server is running on port: 3030
Thu, 24 Sep 2020 05:51:06 GMT - Info - Server is running on port: 3030
Thu, 24 Sep 2020 05:53:10 GMT - Info - Server is running on port: 3030
Thu, 24 Sep 2020 05:53:50 GMT - Info - Server is running on port: 3030
Thu, 24 Sep 2020 05:57:25 GMT - Info - Server is running on port: 3030
Thu, 24 Sep 2020 05:59:27 GMT - Error - {}
Thu, 24 Sep 2020 05:59:27 GMT - Error - {}
Thu, 24 Sep 2020 06:00:13 GMT - Error - {}
Thu, 24 Sep 2020 06:00:13 GMT - Error - {}
Thu, 24 Sep 2020 06:02:13 GMT - Error - {}
Thu, 24 Sep 2020 06:02:13 GMT - Error - {}
Thu, 24 Sep 2020 06:03:44 GMT - Error - {}
Thu, 24 Sep 2020 06:03:44 GMT - Error - {}
Thu, 24 Sep 2020 06:06:52 GMT - Info - Server is running on port: 3030
Thu, 24 Sep 2020 06:07:26 GMT - Info - Server is running on port: 3030
Thu, 24 Sep 2020 06:07:41 GMT - Info - Server is running on port: 3030
Thu, 24 Sep 2020 06:10:17 GMT - Error - {}
Thu, 24 Sep 2020 06:10:17 GMT - Error - {}
Thu, 24 Sep 2020 06:10:25 GMT - Error - {}
Thu, 24 Sep 2020 06:10:25 GMT - Error - {}
Thu, 24 Sep 2020 06:10:39 GMT - Info - Server is running on port: 3030
Thu, 24 Sep 2020 06:10:39 GMT - Error - {}
Thu, 24 Sep 2020 06:10:39 GMT - Error - {}
Thu, 24 Sep 2020 06:11:27 GMT - Info - Server is running on port: 3030
Thu, 24 Sep 2020 06:11:46 GMT - Error - {}
Thu, 24 Sep 2020 06:11:46 GMT - Error - {}
Thu, 24 Sep 2020 06:11:56 GMT - Info - Server is running on port: 3030
Thu, 24 Sep 2020 06:11:57 GMT - Error - {}
Thu, 24 Sep 2020 06:11:57 GMT - Error - {}
Thu, 24 Sep 2020 06:12:59 GMT - Info - Server is running on port: 3030
Thu, 24 Sep 2020 06:13:00 GMT - Info - Server is running on port: 3030
Thu, 24 Sep 2020 06:13:17 GMT - Info - Server is running on port: 3030
Thu, 24 Sep 2020 06:13:19 GMT - Info - Server is running on port: 3030
Thu, 24 Sep 2020 06:13:20 GMT - Info - Server is running on port: 3030
Thu, 24 Sep 2020 06:13:28 GMT - Info - Server is running on port: 3030
Thu, 24 Sep 2020 06:13:48 GMT - Info - Server is running on port: 3030
Thu, 24 Sep 2020 06:14:00 GMT - Info - Server is running on port: 3030
Thu, 24 Sep 2020 06:18:02 GMT - Info - Server is running on port: 3030
Thu, 24 Sep 2020 06:18:04 GMT - Info - Server is running on port: 3030
Thu, 24 Sep 2020 06:18:13 GMT - Info - Server is running on port: 3030
Thu, 24 Sep 2020 06:18:25 GMT - Info - Server is running on port: 3030
Thu, 24 Sep 2020 06:18:28 GMT - Error - {}
Thu, 24 Sep 2020 06:18:28 GMT - Error - {}
Thu, 24 Sep 2020 06:18:41 GMT - Error - {}
Thu, 24 Sep 2020 06:18:41 GMT - Error - {}
Thu, 24 Sep 2020 06:20:04 GMT - Error - {}
Thu, 24 Sep 2020 06:20:04 GMT - Error - {}
Thu, 24 Sep 2020 06:20:06 GMT - Error - {}
Thu, 24 Sep 2020 06:20:06 GMT - Error - {}
Thu, 24 Sep 2020 06:20:06 GMT - Error - {}
Thu, 24 Sep 2020 06:20:08 GMT - Error - {}
Thu, 24 Sep 2020 06:20:08 GMT - Error - {}
Thu, 24 Sep 2020 06:20:49 GMT - Info - Server is running on port: 3030
Thu, 24 Sep 2020 06:20:49 GMT - Error - {}
Thu, 24 Sep 2020 06:20:49 GMT - Error - {}
Thu, 24 Sep 2020 06:20:51 GMT - Info - Server is running on port: 3030
Thu, 24 Sep 2020 06:21:00 GMT - Info - Server is running on port: 3030
Thu, 24 Sep 2020 06:21:08 GMT - Error - {}
Thu, 24 Sep 2020 06:21:08 GMT - Error - {}
Thu, 24 Sep 2020 06:21:39 GMT - Error - {}
Thu, 24 Sep 2020 06:21:39 GMT - Error - {}
Thu, 24 Sep 2020 06:21:39 GMT - Error - {}
Thu, 24 Sep 2020 06:21:54 GMT - Info - Server is running on port: 3030
Thu, 24 Sep 2020 06:21:54 GMT - Error - {}
Thu, 24 Sep 2020 06:21:54 GMT - Error - {}
Thu, 24 Sep 2020 06:22:03 GMT - Info - Server is running on port: 3030
Thu, 24 Sep 2020 06:22:14 GMT - Error - {}
Thu, 24 Sep 2020 06:22:14 GMT - Error - {}
Thu, 24 Sep 2020 06:22:26 GMT - Info - Server is running on port: 3030
Thu, 24 Sep 2020 06:22:26 GMT - Error - {}
Thu, 24 Sep 2020 06:22:26 GMT - Error - {}
Thu, 24 Sep 2020 06:22:28 GMT - Error - {}
Thu, 24 Sep 2020 06:22:28 GMT - Error - {}
Thu, 24 Sep 2020 06:22:28 GMT - Error - {}
Thu, 24 Sep 2020 06:23:41 GMT - Error - {}
Thu, 24 Sep 2020 06:23:41 GMT - Error - {}
Thu, 24 Sep 2020 06:23:47 GMT - Info - Server is running on port: 3030
Thu, 24 Sep 2020 06:23:47 GMT - Error - {}
Thu, 24 Sep 2020 06:23:47 GMT - Error - {}
Thu, 24 Sep 2020 06:23:49 GMT - Info - Server is running on port: 3030
Thu, 24 Sep 2020 06:23:51 GMT - Info - Server is running on port: 3030
Thu, 24 Sep 2020 06:23:58 GMT - Info - Server is running on port: 3030
Thu, 24 Sep 2020 06:23:59 GMT - Error - {}
Thu, 24 Sep 2020 06:23:59 GMT - Error - {}
Thu, 24 Sep 2020 06:24:02 GMT - Error - {}
Thu, 24 Sep 2020 06:24:02 GMT - Error - {}
Thu, 24 Sep 2020 06:24:02 GMT - Error - {}
Thu, 24 Sep 2020 06:25:05 GMT - Info - Server is running on port: 3030
Thu, 24 Sep 2020 06:25:05 GMT - Error - {}
Thu, 24 Sep 2020 06:25:05 GMT - Error - {}
Thu, 24 Sep 2020 06:25:42 GMT - Info - Server is running on port: 3030
Thu, 24 Sep 2020 06:25:57 GMT - Error - {}
Thu, 24 Sep 2020 06:25:57 GMT - Error - {}
Thu, 24 Sep 2020 06:26:58 GMT - Info - Server is running on port: 3030
Thu, 24 Sep 2020 06:27:00 GMT - Info - Server is running on port: 3030
Thu, 24 Sep 2020 06:27:04 GMT - Info - Server is running on port: 3030
Thu, 24 Sep 2020 06:27:17 GMT - Info - Server is running on port: 3030
Thu, 24 Sep 2020 06:27:29 GMT - Error - {}
Thu, 24 Sep 2020 06:27:29 GMT - Error - {}
Thu, 24 Sep 2020 06:28:18 GMT - Error - {}
Thu, 24 Sep 2020 06:28:18 GMT - Error - {}
Thu, 24 Sep 2020 06:28:33 GMT - Info - Server is running on port: 3030
Thu, 24 Sep 2020 06:28:33 GMT - Error - {}
Thu, 24 Sep 2020 06:28:33 GMT - Error - {}
Thu, 24 Sep 2020 06:28:34 GMT - Info - Server is running on port: 3030
Thu, 24 Sep 2020 06:28:38 GMT - Info - Server is running on port: 3030
Thu, 24 Sep 2020 06:28:40 GMT - Info - Server is running on port: 3030
Thu, 24 Sep 2020 06:28:41 GMT - Info - Server is running on port: 3030
Thu, 24 Sep 2020 06:28:42 GMT - Info - Server is running on port: 3030
Thu, 24 Sep 2020 06:28:47 GMT - Error - {}
Thu, 24 Sep 2020 06:28:47 GMT - Error - {}
Thu, 24 Sep 2020 06:29:48 GMT - Error - {}
Thu, 24 Sep 2020 06:29:48 GMT - Error - {}
Thu, 24 Sep 2020 06:30:20 GMT - Info - Server is running on port: 3030
Thu, 24 Sep 2020 06:31:06 GMT - Error - {}
Thu, 24 Sep 2020 06:31:06 GMT - Error - {}
Thu, 24 Sep 2020 06:32:42 GMT - Error - {}
Thu, 24 Sep 2020 06:32:42 GMT - Error - {}
Thu, 24 Sep 2020 06:33:05 GMT - Info - Server is running on port: 3030
Thu, 24 Sep 2020 06:33:10 GMT - Error - {}
Thu, 24 Sep 2020 06:33:10 GMT - Error - {}
Thu, 24 Sep 2020 06:35:10 GMT - Error - {}
Thu, 24 Sep 2020 06:35:10 GMT - Error - {}
Thu, 24 Sep 2020 06:36:59 GMT - Info - Server is running on port: 3030
Thu, 24 Sep 2020 06:37:08 GMT - Info - Server is running on port: 3030
Thu, 24 Sep 2020 06:37:24 GMT - Debug - auth.service - login with username: yoni
Thu, 24 Sep 2020 06:37:29 GMT - Error - {}
Thu, 24 Sep 2020 06:37:29 GMT - Error - {}
Thu, 24 Sep 2020 06:37:43 GMT - Info - Server is running on port: 3030
Thu, 24 Sep 2020 06:37:46 GMT - Info - Server is running on port: 3030
Thu, 24 Sep 2020 06:37:50 GMT - Info - Server is running on port: 3030
Thu, 24 Sep 2020 06:38:05 GMT - Error - {}
Thu, 24 Sep 2020 06:38:05 GMT - Error - {}
Thu, 24 Sep 2020 06:38:05 GMT - Error - {}
Thu, 24 Sep 2020 06:38:58 GMT - Info - Server is running on port: 3030
Thu, 24 Sep 2020 06:39:01 GMT - Info - Server is running on port: 3030
Thu, 24 Sep 2020 06:39:16 GMT - Info - Server is running on port: 3030
Thu, 24 Sep 2020 06:39:21 GMT - Info - Server is running on port: 3030
Thu, 24 Sep 2020 07:01:37 GMT - Info - Server is running on port: 3030
Thu, 24 Sep 2020 07:01:41 GMT - Info - Server is running on port: 3030
Thu, 24 Sep 2020 07:02:23 GMT - Info - Server is running on port: 3030
Thu, 24 Sep 2020 07:02:24 GMT - Info - Server is running on port: 3030
Thu, 24 Sep 2020 07:02:26 GMT - Info - Server is running on port: 3030
Thu, 24 Sep 2020 07:02:28 GMT - Info - Server is running on port: 3030
Thu, 24 Sep 2020 07:03:46 GMT - Info - Server is running on port: 3030
Thu, 24 Sep 2020 07:03:52 GMT - Info - Server is running on port: 3030
Thu, 24 Sep 2020 07:04:07 GMT - Info - Server is running on port: 3030
Thu, 24 Sep 2020 07:04:48 GMT - Info - Server is running on port: 3030
Thu, 24 Sep 2020 07:04:50 GMT - Info - Server is running on port: 3030
Thu, 24 Sep 2020 07:05:34 GMT - Info - Server is running on port: 3030
Thu, 24 Sep 2020 07:05:35 GMT - Info - Server is running on port: 3030
Thu, 24 Sep 2020 07:05:39 GMT - Info - Server is running on port: 3030
Thu, 24 Sep 2020 07:09:15 GMT - Info - Server is running on port: 3030
Thu, 24 Sep 2020 07:09:19 GMT - Info - Server is running on port: 3030
Thu, 24 Sep 2020 07:09:29 GMT - Info - Server is running on port: 3030
Thu, 24 Sep 2020 07:09:32 GMT - Info - Server is running on port: 3030
Thu, 24 Sep 2020 07:09:33 GMT - Info - Server is running on port: 3030
Thu, 24 Sep 2020 07:10:33 GMT - Info - Server is running on port: 3030
Thu, 24 Sep 2020 07:10:33 GMT - Error - {}
Thu, 24 Sep 2020 07:10:35 GMT - Info - Server is running on port: 3030
Thu, 24 Sep 2020 07:11:37 GMT - Info - Server is running on port: 3030
Thu, 24 Sep 2020 07:15:35 GMT - Info - Server is running on port: 3030
Thu, 24 Sep 2020 07:15:42 GMT - Info - Server is running on port: 3030
Thu, 24 Sep 2020 07:16:52 GMT - Error - {}
Thu, 24 Sep 2020 07:16:52 GMT - Error - {}
Thu, 24 Sep 2020 07:18:13 GMT - Error - {}
Thu, 24 Sep 2020 07:18:13 GMT - Error - {}
Thu, 24 Sep 2020 07:19:43 GMT - Info - Server is running on port: 3030
Thu, 24 Sep 2020 07:19:44 GMT - Info - Server is running on port: 3030
Thu, 24 Sep 2020 07:19:56 GMT - Error - {}
Thu, 24 Sep 2020 07:19:56 GMT - Error - {}
Thu, 24 Sep 2020 07:20:11 GMT - Info - Server is running on port: 3030
Thu, 24 Sep 2020 07:20:11 GMT - Error - {}
Thu, 24 Sep 2020 07:20:11 GMT - Error - {}
Thu, 24 Sep 2020 07:20:15 GMT - Info - Server is running on port: 3030
Thu, 24 Sep 2020 07:20:33 GMT - Info - Server is running on port: 3030
Thu, 24 Sep 2020 07:20:50 GMT - Error - {}
Thu, 24 Sep 2020 07:20:50 GMT - Error - {}
Thu, 24 Sep 2020 07:21:30 GMT - Info - Server is running on port: 3030
Thu, 24 Sep 2020 07:21:32 GMT - Info - Server is running on port: 3030
Thu, 24 Sep 2020 07:21:35 GMT - Info - Server is running on port: 3030
Thu, 24 Sep 2020 07:21:53 GMT - Info - Server is running on port: 3030
Thu, 24 Sep 2020 07:22:09 GMT - Info - Server is running on port: 3030
Thu, 24 Sep 2020 07:23:44 GMT - Info - Server is running on port: 3030
Thu, 24 Sep 2020 07:24:11 GMT - Info - Server is running on port: 3030
Thu, 24 Sep 2020 07:24:14 GMT - Info - Server is running on port: 3030
Thu, 24 Sep 2020 07:27:32 GMT - Info - Server is running on port: 3030
Thu, 24 Sep 2020 07:27:33 GMT - Info - Server is running on port: 3030
Thu, 24 Sep 2020 07:28:53 GMT - Info - Server is running on port: 3030
Thu, 24 Sep 2020 07:28:56 GMT - Info - Server is running on port: 3030
Thu, 24 Sep 2020 07:46:00 GMT - Error - {}
Thu, 24 Sep 2020 07:46:00 GMT - Error - {}
Thu, 24 Sep 2020 07:51:39 GMT - Info - Server is running on port: 3030
Thu, 24 Sep 2020 07:52:52 GMT - Info - Server is running on port: 3030
Thu, 24 Sep 2020 07:52:57 GMT - Info - Server is running on port: 3030
Thu, 24 Sep 2020 07:54:20 GMT - Info - Server is running on port: 3030
Thu, 24 Sep 2020 07:56:14 GMT - Info - Server is running on port: 3030
Thu, 24 Sep 2020 07:56:22 GMT - Info - Server is running on port: 3030
Thu, 24 Sep 2020 07:56:53 GMT - Info - Server is running on port: 3030
Thu, 24 Sep 2020 07:58:37 GMT - Debug - auth.service - login with username: yoni
Thu, 24 Sep 2020 08:05:37 GMT - Info - Server is running on port: 3030
Thu, 24 Sep 2020 08:05:52 GMT - Error - {"driver":true,"name":"MongoError","index":0,"code":66}
Thu, 24 Sep 2020 08:05:52 GMT - Error - {"driver":true,"name":"MongoError","index":0,"code":66}
Thu, 24 Sep 2020 08:07:44 GMT - Info - Server is running on port: 3030
Thu, 24 Sep 2020 08:07:50 GMT - Info - Server is running on port: 3030
Thu, 24 Sep 2020 08:08:26 GMT - Info - Server is running on port: 3030
Thu, 24 Sep 2020 08:08:28 GMT - Info - Server is running on port: 3030
Thu, 24 Sep 2020 08:10:39 GMT - Info - Server is running on port: 3030
Thu, 24 Sep 2020 08:36:28 GMT - Info - Server is running on port: 3030
Thu, 24 Sep 2020 08:46:27 GMT - Info - Server is running on port: 3030
Thu, 24 Sep 2020 08:55:06 GMT - Info - Server is running on port: 3030
Thu, 24 Sep 2020 09:02:44 GMT - Error - {}
Thu, 24 Sep 2020 09:02:44 GMT - Error - {}
Thu, 24 Sep 2020 09:02:52 GMT - Debug - auth.service - login with username: yoni
Thu, 24 Sep 2020 09:19:03 GMT - Info - Server is running on port: 3030
Thu, 24 Sep 2020 10:03:58 GMT - Error - {}
Thu, 24 Sep 2020 10:03:58 GMT - Error - {}
Thu, 24 Sep 2020 10:07:12 GMT - Debug - auth.service - login with username: yoni
Thu, 24 Sep 2020 10:18:02 GMT - Info - Server is running on port: 3030
Thu, 24 Sep 2020 10:20:29 GMT - Info - Server is running on port: 3030
Thu, 24 Sep 2020 10:53:57 GMT - Info - Server is running on port: 3030
Thu, 24 Sep 2020 10:54:07 GMT - Info - Server is running on port: 3030
Thu, 24 Sep 2020 10:55:28 GMT - Info - Server is running on port: 3030
Thu, 24 Sep 2020 10:55:51 GMT - Info - Server is running on port: 3030
Thu, 24 Sep 2020 10:55:58 GMT - Info - Server is running on port: 3030
Thu, 24 Sep 2020 11:07:38 GMT - Error - {}
Thu, 24 Sep 2020 11:07:38 GMT - Error - {}
Thu, 24 Sep 2020 11:12:37 GMT - Debug - auth.service - login with username: yoni
Thu, 24 Sep 2020 11:12:49 GMT - Error - {}
Thu, 24 Sep 2020 11:12:49 GMT - Error - {}
Thu, 24 Sep 2020 11:12:49 GMT - Error - {}
Thu, 24 Sep 2020 11:12:50 GMT - Error - {}
Thu, 24 Sep 2020 11:12:50 GMT - Error - {}
Thu, 24 Sep 2020 11:12:50 GMT - Error - {}
Thu, 24 Sep 2020 11:13:19 GMT - Info - Server is running on port: 3030
Thu, 24 Sep 2020 11:13:19 GMT - Error - {}
Thu, 24 Sep 2020 11:13:19 GMT - Error - {}
Thu, 24 Sep 2020 11:13:19 GMT - Error - {}
Thu, 24 Sep 2020 11:13:22 GMT - Info - Server is running on port: 3030
Thu, 24 Sep 2020 11:13:24 GMT - Info - Server is running on port: 3030
Thu, 24 Sep 2020 11:13:26 GMT - Info - Server is running on port: 3030
Thu, 24 Sep 2020 11:13:27 GMT - Info - Server is running on port: 3030
Thu, 24 Sep 2020 11:26:52 GMT - Error - {}
Thu, 24 Sep 2020 11:26:52 GMT - Error - {}
Thu, 24 Sep 2020 11:26:52 GMT - Error - {}
Thu, 24 Sep 2020 11:37:01 GMT - Info - Server is running on port: 3030
Thu, 24 Sep 2020 11:37:07 GMT - Error - {}
Thu, 24 Sep 2020 11:37:07 GMT - Error - {}
Thu, 24 Sep 2020 11:37:07 GMT - Error - {}
Thu, 24 Sep 2020 11:37:08 GMT - Error - {}
Thu, 24 Sep 2020 11:37:08 GMT - Error - {}
Thu, 24 Sep 2020 11:37:08 GMT - Error - {}
Thu, 24 Sep 2020 11:37:11 GMT - Error - {}
Thu, 24 Sep 2020 11:37:11 GMT - Error - {}
Thu, 24 Sep 2020 11:37:11 GMT - Error - {}
Thu, 24 Sep 2020 11:37:11 GMT - Error - {}
Thu, 24 Sep 2020 11:37:11 GMT - Error - {}
Thu, 24 Sep 2020 11:37:11 GMT - Error - {}
Thu, 24 Sep 2020 11:37:12 GMT - Error - {}
Thu, 24 Sep 2020 11:37:12 GMT - Error - {}
Thu, 24 Sep 2020 11:37:12 GMT - Error - {}
Thu, 24 Sep 2020 11:37:35 GMT - Error - {}
Thu, 24 Sep 2020 11:37:35 GMT - Error - {}
Thu, 24 Sep 2020 11:37:35 GMT - Error - {}
Thu, 24 Sep 2020 11:38:17 GMT - Info - Server is running on port: 3030
Thu, 24 Sep 2020 11:39:56 GMT - Info - Server is running on port: 3030
Thu, 24 Sep 2020 11:40:01 GMT - Info - Server is running on port: 3030
Thu, 24 Sep 2020 11:42:29 GMT - Info - Server is running on port: 3030
Thu, 24 Sep 2020 11:42:36 GMT - Info - Server is running on port: 3030
Thu, 24 Sep 2020 11:42:38 GMT - Info - Server is running on port: 3030
Thu, 24 Sep 2020 11:46:39 GMT - Info - Server is running on port: 3030
Thu, 24 Sep 2020 11:46:41 GMT - Info - Server is running on port: 3030
Thu, 24 Sep 2020 11:46:44 GMT - Info - Server is running on port: 3030
Thu, 24 Sep 2020 12:22:11 GMT - Error - {}
Thu, 24 Sep 2020 12:22:11 GMT - Error - {}
Thu, 24 Sep 2020 12:22:42 GMT - Info - Server is running on port: 3030
Thu, 24 Sep 2020 12:22:44 GMT - Info - Server is running on port: 3030
Thu, 24 Sep 2020 12:22:45 GMT - Info - Server is running on port: 3030
Thu, 24 Sep 2020 12:22:47 GMT - Info - Server is running on port: 3030
Thu, 24 Sep 2020 12:22:56 GMT - Debug - auth.service - login with username: yoni
Thu, 24 Sep 2020 12:57:54 GMT - Info - Server is running on port: 3030
Thu, 24 Sep 2020 13:02:18 GMT - Info - Server is running on port: 3030
Thu, 24 Sep 2020 13:02:30 GMT - Info - Server is running on port: 3030
Thu, 24 Sep 2020 13:05:13 GMT - Info - Server is running on port: 3030
Thu, 24 Sep 2020 13:05:41 GMT - Info - Server is running on port: 3030
Thu, 24 Sep 2020 13:06:45 GMT - Info - Server is running on port: 3030
Thu, 24 Sep 2020 13:06:49 GMT - Info - Server is running on port: 3030
Thu, 24 Sep 2020 13:06:58 GMT - Info - Server is running on port: 3030
Thu, 24 Sep 2020 13:06:59 GMT - Info - Server is running on port: 3030
Thu, 24 Sep 2020 13:11:11 GMT - Error - {}
Thu, 24 Sep 2020 13:11:24 GMT - Info - Server is running on port: 3030
Thu, 24 Sep 2020 13:11:25 GMT - Error - {}
Thu, 24 Sep 2020 13:11:27 GMT - Info - Server is running on port: 3030
Thu, 24 Sep 2020 13:11:35 GMT - Info - Server is running on port: 3030
Thu, 24 Sep 2020 13:11:49 GMT - Info - Server is running on port: 3030
Thu, 24 Sep 2020 13:11:50 GMT - Info - Server is running on port: 3030
Thu, 24 Sep 2020 13:13:52 GMT - Error - {}
Thu, 24 Sep 2020 13:15:53 GMT - Error - {}
Thu, 24 Sep 2020 13:25:58 GMT - Error - {}
Thu, 24 Sep 2020 13:26:17 GMT - Info - Server is running on port: 3030
Thu, 24 Sep 2020 13:26:18 GMT - Info - Server is running on port: 3030
Thu, 24 Sep 2020 13:26:24 GMT - Info - Server is running on port: 3030
Thu, 24 Sep 2020 13:26:26 GMT - Info - Server is running on port: 3030
Thu, 24 Sep 2020 13:26:32 GMT - Debug - auth.service - login with username: yoni
Thu, 24 Sep 2020 13:26:33 GMT - Error - {}
Thu, 24 Sep 2020 13:26:55 GMT - Info - Server is running on port: 3030
Thu, 24 Sep 2020 13:26:55 GMT - Error - {}
Thu, 24 Sep 2020 13:26:57 GMT - Info - Server is running on port: 3030
Thu, 24 Sep 2020 14:20:10 GMT - Error - {}
Thu, 24 Sep 2020 14:20:19 GMT - Info - Server is running on port: 3030
Thu, 24 Sep 2020 14:20:20 GMT - Error - {}
Thu, 24 Sep 2020 14:20:23 GMT - Info - Server is running on port: 3030
Thu, 24 Sep 2020 14:21:08 GMT - Info - Server is running on port: 3030
Thu, 24 Sep 2020 14:21:15 GMT - Info - Server is running on port: 3030
Thu, 24 Sep 2020 14:21:17 GMT - Error - {}
Thu, 24 Sep 2020 14:22:03 GMT - Info - Server is running on port: 3030
Thu, 24 Sep 2020 14:22:03 GMT - Error - {}
Thu, 24 Sep 2020 14:22:12 GMT - Info - Server is running on port: 3030
Thu, 24 Sep 2020 14:22:12 GMT - Error - {}
Thu, 24 Sep 2020 14:22:28 GMT - Error - {}
Thu, 24 Sep 2020 14:22:31 GMT - Error - {}
Thu, 24 Sep 2020 14:22:44 GMT - Info - Server is running on port: 3030
Thu, 24 Sep 2020 14:22:44 GMT - Error - {}
Thu, 24 Sep 2020 14:23:27 GMT - Info - Server is running on port: 3030
Thu, 24 Sep 2020 14:23:30 GMT - Info - Server is running on port: 3030
Thu, 24 Sep 2020 14:23:36 GMT - Error - {}
Thu, 24 Sep 2020 14:23:54 GMT - Info - Server is running on port: 3030
Thu, 24 Sep 2020 14:23:54 GMT - Error - {}
Thu, 24 Sep 2020 14:23:56 GMT - Info - Server is running on port: 3030
Thu, 24 Sep 2020 14:23:58 GMT - Error - {}
Thu, 24 Sep 2020 14:24:13 GMT - Info - Server is running on port: 3030
Thu, 24 Sep 2020 14:24:13 GMT - Error - {}
Thu, 24 Sep 2020 14:24:37 GMT - Info - Server is running on port: 3030
Thu, 24 Sep 2020 14:24:58 GMT - Info - Server is running on port: 3030
Thu, 24 Sep 2020 14:25:02 GMT - Info - Server is running on port: 3030
Thu, 24 Sep 2020 14:25:35 GMT - Debug - yoni, 1234
Thu, 24 Sep 2020 14:25:35 GMT - Debug - auth.service - signup with userName: yoni
Thu, 24 Sep 2020 14:25:35 GMT - Debug - auth.route - new account created: {"userName":"yoni","forms":[],"_id":"5f6cac5f09687b54f2739564"}
Thu, 24 Sep 2020 14:25:35 GMT - Debug - auth.service - login with username: yoni
Thu, 24 Sep 2020 14:26:23 GMT - Info - Server is running on port: 3030
Thu, 24 Sep 2020 14:26:56 GMT - Info - Server is running on port: 3030
Thu, 24 Sep 2020 14:27:14 GMT - Info - Server is running on port: 3030
Thu, 24 Sep 2020 14:27:19 GMT - Info - Server is running on port: 3030
Thu, 24 Sep 2020 14:29:14 GMT - Info - Server is running on port: 3030
Thu, 24 Sep 2020 14:29:22 GMT - Info - Server is running on port: 3030
Thu, 24 Sep 2020 14:29:25 GMT - Info - Server is running on port: 3030
Thu, 24 Sep 2020 14:29:57 GMT - Info - Server is running on port: 3030
Thu, 24 Sep 2020 16:11:12 GMT - Debug - auth.service - login with username: yoni
Thu, 24 Sep 2020 16:48:53 GMT - Info - Server is running on port: 3030
Thu, 24 Sep 2020 16:49:29 GMT - Info - Server is running on port: 3030
Thu, 24 Sep 2020 16:49:34 GMT - Info - Server is running on port: 3030
Thu, 24 Sep 2020 16:49:37 GMT - Info - Server is running on port: 3030
Thu, 24 Sep 2020 16:50:16 GMT - Info - Server is running on port: 3030
Thu, 24 Sep 2020 16:52:28 GMT - Info - Server is running on port: 3030
Thu, 24 Sep 2020 16:53:33 GMT - Info - Server is running on port: 3030
Thu, 24 Sep 2020 16:53:42 GMT - Info - Server is running on port: 3030
Thu, 24 Sep 2020 16:54:02 GMT - Info - Server is running on port: 3030
Thu, 24 Sep 2020 16:54:42 GMT - Info - Server is running on port: 3030
Thu, 24 Sep 2020 16:55:02 GMT - Info - Server is running on port: 3030
Thu, 24 Sep 2020 16:55:10 GMT - Info - Server is running on port: 3030
Thu, 24 Sep 2020 16:56:13 GMT - Info - Server is running on port: 3030
Thu, 24 Sep 2020 16:56:16 GMT - Info - Server is running on port: 3030
Thu, 24 Sep 2020 16:56:37 GMT - Info - Server is running on port: 3030
Thu, 24 Sep 2020 16:56:40 GMT - Info - Server is running on port: 3030
Thu, 24 Sep 2020 16:59:43 GMT - Info - Server is running on port: 3030
Thu, 24 Sep 2020 16:59:45 GMT - Error - {}
Thu, 24 Sep 2020 16:59:57 GMT - Info - Server is running on port: 3030
Thu, 24 Sep 2020 16:59:59 GMT - Info - Server is running on port: 3030
Thu, 24 Sep 2020 17:00:01 GMT - Info - Server is running on port: 3030
Thu, 24 Sep 2020 17:02:07 GMT - Info - Server is running on port: 3030
Thu, 24 Sep 2020 17:02:14 GMT - Info - Server is running on port: 3030
Thu, 24 Sep 2020 17:02:27 GMT - Info - Server is running on port: 3030
Thu, 24 Sep 2020 17:03:32 GMT - Info - Server is running on port: 3030
Thu, 24 Sep 2020 17:03:37 GMT - Info - Server is running on port: 3030
Thu, 24 Sep 2020 17:04:03 GMT - Info - Server is running on port: 3030
Thu, 24 Sep 2020 17:13:16 GMT - Error - {}
Thu, 24 Sep 2020 17:13:16 GMT - Error - {}
Thu, 24 Sep 2020 17:15:47 GMT - Debug - auth.service - login with username: yoni
Thu, 24 Sep 2020 19:05:01 GMT - Error - {}
Thu, 24 Sep 2020 19:05:01 GMT - Error - {}
Thu, 24 Sep 2020 19:05:36 GMT - Debug - auth.service - login with username: yoni
Thu, 24 Sep 2020 19:32:17 GMT - Info - Server is running on port: 3030
Thu, 24 Sep 2020 19:32:40 GMT - Error - {}
Thu, 24 Sep 2020 19:32:40 GMT - Error - {}
Thu, 24 Sep 2020 19:32:46 GMT - Debug - yoni, 1234
Thu, 24 Sep 2020 19:32:46 GMT - Debug - auth.service - signup with userName: yoni
Thu, 24 Sep 2020 19:32:46 GMT - Debug - auth.route - new account created: {"userName":"yoni","forms":[],"_id":"5f6cf45e5a1804117dd18231"}
Thu, 24 Sep 2020 19:32:46 GMT - Debug - auth.service - login with username: yoni
Thu, 24 Sep 2020 19:32:47 GMT - Error - {}
Thu, 24 Sep 2020 19:32:47 GMT - Error - {}
Thu, 24 Sep 2020 19:33:07 GMT - Error - {}
Thu, 24 Sep 2020 19:33:07 GMT - Error - {}
Thu, 24 Sep 2020 19:33:44 GMT - Error - {}
Thu, 24 Sep 2020 19:33:44 GMT - Error - {}
Thu, 24 Sep 2020 19:34:17 GMT - Error - {}
Thu, 24 Sep 2020 19:34:17 GMT - Error - {}
Thu, 24 Sep 2020 19:34:21 GMT - Error - {}
Thu, 24 Sep 2020 19:34:21 GMT - Error - {}
Thu, 24 Sep 2020 19:34:22 GMT - Error - {}
Thu, 24 Sep 2020 19:34:22 GMT - Error - {}
Thu, 24 Sep 2020 19:34:46 GMT - Info - Server is running on port: 3030
Thu, 24 Sep 2020 19:35:05 GMT - Error - {}
Thu, 24 Sep 2020 19:35:05 GMT - Error - {}
Thu, 24 Sep 2020 19:37:04 GMT - Info - Server is running on port: 3030
Thu, 24 Sep 2020 19:37:04 GMT - Error - {}
Thu, 24 Sep 2020 19:37:04 GMT - Error - {}
Thu, 24 Sep 2020 19:37:06 GMT - Info - Server is running on port: 3030
Thu, 24 Sep 2020 19:37:08 GMT - Info - Server is running on port: 3030
Thu, 24 Sep 2020 19:37:10 GMT - Info - Server is running on port: 3030
Thu, 24 Sep 2020 19:37:12 GMT - Info - Server is running on port: 3030
Thu, 24 Sep 2020 19:37:14 GMT - Error - {}
Thu, 24 Sep 2020 19:37:14 GMT - Error - {}
Thu, 24 Sep 2020 19:38:05 GMT - Info - Server is running on port: 3030
Thu, 24 Sep 2020 19:38:06 GMT - Error - {}
Thu, 24 Sep 2020 19:38:06 GMT - Error - {}
Thu, 24 Sep 2020 19:38:08 GMT - Info - Server is running on port: 3030
Thu, 24 Sep 2020 19:38:09 GMT - Info - Server is running on port: 3030
Thu, 24 Sep 2020 19:38:10 GMT - Info - Server is running on port: 3030
Thu, 24 Sep 2020 19:38:12 GMT - Info - Server is running on port: 3030
Thu, 24 Sep 2020 19:38:14 GMT - Error - {}
Thu, 24 Sep 2020 19:38:14 GMT - Error - {}
Thu, 24 Sep 2020 19:38:26 GMT - Info - Server is running on port: 3030
Thu, 24 Sep 2020 19:38:27 GMT - Error - {}
Thu, 24 Sep 2020 19:38:27 GMT - Error - {}
Thu, 24 Sep 2020 19:38:28 GMT - Info - Server is running on port: 3030
Thu, 24 Sep 2020 19:38:41 GMT - Info - Server is running on port: 3030
Thu, 24 Sep 2020 19:38:59 GMT - Error - {}
Thu, 24 Sep 2020 19:38:59 GMT - Error - {}
Thu, 24 Sep 2020 19:39:13 GMT - Info - Server is running on port: 3030
Thu, 24 Sep 2020 19:39:13 GMT - Error - {}
Thu, 24 Sep 2020 19:39:13 GMT - Error - {}
Thu, 24 Sep 2020 19:39:29 GMT - Error - {}
Thu, 24 Sep 2020 19:39:29 GMT - Error - {}
Thu, 24 Sep 2020 19:41:06 GMT - Info - Server is running on port: 3030
Thu, 24 Sep 2020 19:41:06 GMT - Error - {}
Thu, 24 Sep 2020 19:41:06 GMT - Error - {}
Thu, 24 Sep 2020 19:41:08 GMT - Info - Server is running on port: 3030
Thu, 24 Sep 2020 19:42:07 GMT - Info - Server is running on port: 3030
Thu, 24 Sep 2020 19:42:13 GMT - Info - Server is running on port: 3030
Thu, 24 Sep 2020 19:42:16 GMT - Error - {}
Thu, 24 Sep 2020 19:42:16 GMT - Error - {}
Thu, 24 Sep 2020 19:44:16 GMT - Error - {}
Thu, 24 Sep 2020 19:44:16 GMT - Error - {}
Thu, 24 Sep 2020 19:47:00 GMT - Info - Server is running on port: 3030
Thu, 24 Sep 2020 19:47:05 GMT - Info - Server is running on port: 3030
Thu, 24 Sep 2020 19:47:37 GMT - Info - Server is running on port: 3030
Thu, 24 Sep 2020 19:47:40 GMT - Info - Server is running on port: 3030
Thu, 24 Sep 2020 19:48:01 GMT - Info - Server is running on port: 3030
Thu, 24 Sep 2020 19:49:25 GMT - Info - Server is running on port: 3030
Thu, 24 Sep 2020 19:49:27 GMT - Info - Server is running on port: 3030
Thu, 24 Sep 2020 19:49:31 GMT - Info - Server is running on port: 3030
Thu, 24 Sep 2020 23:59:01 GMT - Error - {}
Thu, 24 Sep 2020 23:59:01 GMT - Error - {}
Thu, 24 Sep 2020 23:59:10 GMT - Debug - auth.service - login with username: yoni
